<?xml version="1.0" encoding="UTF-8"?>
<!-- Generated by org.testng.reporters.JUnitReportReporter -->
<testsuite hostname="Sibu-PC" failures="0" tests="6" name="com.test.GoogleTest" time="40.892" errors="0" timestamp="2020-08-19T20:25:40 IST" skipped="0">
  <testcase classname="com.test.GoogleTest" name="googleTitleTest" time="7.144"/>
  <testcase classname="com.test.GoogleTest" name="mailLinkTest" time="6.698"/>
  <testcase classname="com.test.GoogleTest" name="googleLogoTest" time="6.311"/>
  <testcase classname="com.test.GoogleTest" name="test1" time="7.607"/>
  <testcase classname="com.test.GoogleTest" name="test2" time="6.283"/>
  <testcase classname="com.test.GoogleTest" name="test3" time="6.849"/>
</testsuite> <!-- com.test.GoogleTest -->
